-------------------------------------------------------------------------------
Test set: com.nitin.demo.RandomNumberSorting.RandomNumberSortingApplicationTests
-------------------------------------------------------------------------------
Tests run: 2, Failures: 0, Errors: 2, Skipped: 0, Time elapsed: 10.666 s <<< FAILURE! - in com.nitin.demo.RandomNumberSorting.RandomNumberSortingApplicationTests
numbersPassedasShouldSortedByRestApi(com.nitin.demo.RandomNumberSorting.RandomNumberSortingApplicationTests)  Time elapsed: 0.048 s  <<< ERROR!
org.springframework.beans.factory.UnsatisfiedDependencyException: Error creating bean with name 'com.nitin.demo.RandomNumberSorting.RandomNumberSortingApplicationTests': Unsatisfied dependency expressed through field 'restTemplate'; nested exception is org.springframework.beans.factory.NoSuchBeanDefinitionException: No qualifying bean of type 'org.springframework.boot.test.web.client.TestRestTemplate' available: expected at least 1 bean which qualifies as autowire candidate. Dependency annotations: {@org.springframework.beans.factory.annotation.Autowired(required=true)}
Caused by: org.springframework.beans.factory.NoSuchBeanDefinitionException: No qualifying bean of type 'org.springframework.boot.test.web.client.TestRestTemplate' available: expected at least 1 bean which qualifies as autowire candidate. Dependency annotations: {@org.springframework.beans.factory.annotation.Autowired(required=true)}

contextLoads(com.nitin.demo.RandomNumberSorting.RandomNumberSortingApplicationTests)  Time elapsed: 0.001 s  <<< ERROR!
org.springframework.beans.factory.UnsatisfiedDependencyException: Error creating bean with name 'com.nitin.demo.RandomNumberSorting.RandomNumberSortingApplicationTests': Unsatisfied dependency expressed through field 'restTemplate'; nested exception is org.springframework.beans.factory.NoSuchBeanDefinitionException: No qualifying bean of type 'org.springframework.boot.test.web.client.TestRestTemplate' available: expected at least 1 bean which qualifies as autowire candidate. Dependency annotations: {@org.springframework.beans.factory.annotation.Autowired(required=true)}
Caused by: org.springframework.beans.factory.NoSuchBeanDefinitionException: No qualifying bean of type 'org.springframework.boot.test.web.client.TestRestTemplate' available: expected at least 1 bean which qualifies as autowire candidate. Dependency annotations: {@org.springframework.beans.factory.annotation.Autowired(required=true)}

